<?xml version="1.0" encoding="UTF-8"?>
<!-- Generated by org.testng.reporters.JUnitReportReporter -->
<testsuite skipped="0" hostname="DESKTOP-1Q17OQH" name="com.training.sanity.tests.RegisterTeacherDBTest" tests="1" failures="0" timestamp="05 Mar 2019 16:44:15 GMT" time="21.199" errors="0">
  <testcase name="validRegistrationTest" time="21.199" classname="com.training.sanity.tests.RegisterTeacherDBTest"/>
</testsuite> <!-- com.training.sanity.tests.RegisterTeacherDBTest -->
