<?xml version="1.0" encoding="UTF-8"?>
<!-- Generated by org.testng.reporters.JUnitReportReporter -->
<testsuite skipped="0" hostname="DESKTOP-1Q17OQH" name="com.training.sanity.tests.AdminCreateSessionTest" tests="1" failures="0" timestamp="19 Feb 2019 11:20:44 GMT" time="38.427" errors="0">
  <testcase name="validCreateSessionTest" time="38.427" classname="com.training.sanity.tests.AdminCreateSessionTest"/>
</testsuite> <!-- com.training.sanity.tests.AdminCreateSessionTest -->
