<?xml version="1.0" encoding="UTF-8"?>
<!-- Generated by org.testng.reporters.JUnitReportReporter -->
<testsuite skipped="0" hostname="DESKTOP-1Q17OQH" name="com.training.sanity.tests.AdminAddUserTest" tests="1" failures="0" timestamp="15 Feb 2019 04:51:30 GMT" time="21.608" errors="0">
  <testcase name="validAddUserTest" time="21.608" classname="com.training.sanity.tests.AdminAddUserTest"/>
</testsuite> <!-- com.training.sanity.tests.AdminAddUserTest -->
