<?xml version="1.0" encoding="UTF-8"?>
<!-- Generated by org.testng.reporters.JUnitReportReporter -->
<testsuite skipped="0" hostname="DESKTOP-1Q17OQH" name="com.training.sanity.tests.RegisterTeacherErrorTest" tests="4" failures="0" timestamp="04 Mar 2019 08:02:55 GMT" time="59.205" errors="0">
  <testcase name="validRegistrationTest" time="14.370" classname="com.training.sanity.tests.RegisterTeacherErrorTest"/>
  <testcase name="validRegistrationTest" time="16.531" classname="com.training.sanity.tests.RegisterTeacherErrorTest"/>
  <testcase name="validRegistrationTest" time="14.192" classname="com.training.sanity.tests.RegisterTeacherErrorTest"/>
  <testcase name="validRegistrationTest" time="14.112" classname="com.training.sanity.tests.RegisterTeacherErrorTest"/>
</testsuite> <!-- com.training.sanity.tests.RegisterTeacherErrorTest -->
