<?xml version="1.0" encoding="UTF-8"?>
<!-- Generated by org.testng.reporters.JUnitReportReporter -->
<testsuite skipped="0" hostname="DESKTOP-1Q17OQH" name="com.training.sanity.tests.AdminAddClassTest" tests="1" failures="0" timestamp="26 Feb 2019 09:35:21 GMT" time="35.137" errors="0">
  <testcase name="validAddClassTest" time="35.137" classname="com.training.sanity.tests.AdminAddClassTest"/>
</testsuite> <!-- com.training.sanity.tests.AdminAddClassTest -->
