<?xml version="1.0" encoding="UTF-8"?>
<!-- Generated by org.testng.reporters.JUnitReportReporter -->
<testsuite skipped="0" hostname="DESKTOP-1Q17OQH" name="com.training.sanity.tests.LoginDBTest" tests="1" failures="0" timestamp="05 Mar 2019 12:17:59 GMT" time="15.069" errors="0">
  <testcase name="validloginDBTest" time="15.069" classname="com.training.sanity.tests.LoginDBTest"/>
</testsuite> <!-- com.training.sanity.tests.LoginDBTest -->
