<?xml version="1.0" encoding="UTF-8"?>
<!-- Generated by org.testng.reporters.JUnitReportReporter -->
<testsuite skipped="0" hostname="DESKTOP-1Q17OQH" name="com.training.sanity.tests.RegisterUserToCourseExcel" tests="4" failures="0" timestamp="05 Mar 2019 08:01:15 GMT" time="55.613" errors="0">
  <testcase name="validRegisterUserTest" time="19.607" classname="com.training.sanity.tests.RegisterUserToCourseExcel"/>
  <testcase name="validRegisterUserTest" time="12.662" classname="com.training.sanity.tests.RegisterUserToCourseExcel"/>
  <testcase name="validRegisterUserTest" time="12.121" classname="com.training.sanity.tests.RegisterUserToCourseExcel"/>
  <testcase name="validRegisterUserTest" time="11.223" classname="com.training.sanity.tests.RegisterUserToCourseExcel"/>
</testsuite> <!-- com.training.sanity.tests.RegisterUserToCourseExcel -->
