<?xml version="1.0" encoding="UTF-8"?>
<!-- Generated by org.testng.reporters.JUnitReportReporter -->
<testsuite skipped="0" hostname="DESKTOP-1Q17OQH" name="com.training.sanity.tests.StudentTaskCommentTest" tests="1" failures="0" timestamp="26 Feb 2019 06:39:52 GMT" time="38.128" errors="0">
  <testcase name="validStudentTaskTest" time="38.128" classname="com.training.sanity.tests.StudentTaskCommentTest"/>
</testsuite> <!-- com.training.sanity.tests.StudentTaskCommentTest -->
