<?xml version="1.0" encoding="UTF-8"?>
<!-- Generated by org.testng.reporters.JUnitReportReporter -->
<testsuite skipped="0" hostname="DESKTOP-1Q17OQH" name="com.training.sanity.tests.StudentLogoutTest" tests="1" failures="0" timestamp="18 Feb 2019 06:06:16 GMT" time="17.060" errors="0">
  <testcase name="validLogoutTest" time="17.060" classname="com.training.sanity.tests.StudentLogoutTest"/>
</testsuite> <!-- com.training.sanity.tests.StudentLogoutTest -->
