<?xml version="1.0" encoding="UTF-8"?>
<!-- Generated by org.testng.reporters.JUnitReportReporter -->
<testsuite skipped="0" hostname="DESKTOP-1Q17OQH" name="com.training.sanity.tests.StudentAssessmentTest" tests="1" failures="0" timestamp="05 Mar 2019 12:29:42 GMT" time="51.125" errors="0">
  <testcase name="validEditTest" time="51.125" classname="com.training.sanity.tests.StudentAssessmentTest"/>
</testsuite> <!-- com.training.sanity.tests.StudentAssessmentTest -->
