<?xml version="1.0" encoding="UTF-8"?>
<!-- Generated by org.testng.reporters.JUnitReportReporter -->
<testsuite skipped="0" hostname="DESKTOP-1Q17OQH" name="com.training.sanity.tests.RegisterTeacherTest" tests="4" failures="0" timestamp="04 Mar 2019 07:37:37 GMT" time="63.295" errors="0">
  <testcase name="validRegistrationTest" time="19.445" classname="com.training.sanity.tests.RegisterTeacherTest"/>
  <testcase name="validRegistrationTest" time="14.213" classname="com.training.sanity.tests.RegisterTeacherTest"/>
  <testcase name="validRegistrationTest" time="15.109" classname="com.training.sanity.tests.RegisterTeacherTest"/>
  <testcase name="validRegistrationTest" time="14.528" classname="com.training.sanity.tests.RegisterTeacherTest"/>
</testsuite> <!-- com.training.sanity.tests.RegisterTeacherTest -->
