<?xml version="1.0" encoding="UTF-8"?>
<!-- Generated by org.testng.reporters.JUnitReportReporter -->
<testsuite skipped="0" hostname="DESKTOP-1Q17OQH" name="com.training.sanity.tests.RegisterUserToCourseTest" tests="1" failures="0" timestamp="19 Feb 2019 09:50:37 GMT" time="64.561" errors="0">
  <testcase name="validRegisterUserTest" time="64.561" classname="com.training.sanity.tests.RegisterUserToCourseTest"/>
</testsuite> <!-- com.training.sanity.tests.RegisterUserToCourseTest -->
