<?xml version="1.0" encoding="UTF-8"?>
<!-- Generated by org.testng.reporters.JUnitReportReporter -->
<testsuite skipped="0" hostname="DESKTOP-1Q17OQH" name="com.training.sanity.tests.AdminUserEditTest" tests="1" failures="0" timestamp="18 Feb 2019 06:18:45 GMT" time="20.507" errors="0">
  <testcase name="validEditTest" time="20.507" classname="com.training.sanity.tests.AdminUserEditTest"/>
</testsuite> <!-- com.training.sanity.tests.AdminUserEditTest -->
