<?xml version="1.0" encoding="UTF-8"?>
<!-- Generated by org.testng.reporters.JUnitReportReporter -->
<testsuite skipped="0" hostname="DESKTOP-1Q17OQH" name="com.training.sanity.tests.LoginAdminTest" tests="1" failures="0" timestamp="18 Feb 2019 05:52:31 GMT" time="15.033" errors="0">
  <testcase name="validLoginTest" time="15.033" classname="com.training.sanity.tests.LoginAdminTest"/>
</testsuite> <!-- com.training.sanity.tests.LoginAdminTest -->
